Using pre-set license
Built from '2021.3/staging' branch; Version is '2021.3.19f1 (c9714fde33b6) revision 13201743'; Using compiler version '192829333'; Build Type 'Release'
OS: 'Windows 10  (10.0.19045) 64bit Professional' Language: 'en' Physical Memory: 11709 MB
BatchMode: 1, IsHumanControllingUs: 0, StartBugReporterOnCrash: 0, Is64bit: 1, IsPro: 1

COMMAND LINE ARGUMENTS:
F:\Unity Asset\editor\2021.3.19f1\Editor\Unity.exe
-adb2
-batchMode
-noUpm
-name
AssetImportWorker0
-projectPath
F:/URGENT/Butuh Cuan/Project Game 2D mobile/game/game
-logFile
Logs/AssetImportWorker0.log
-srvPort
58773
Successfully changed project path to: F:/URGENT/Butuh Cuan/Project Game 2D mobile/game/game
F:/URGENT/Butuh Cuan/Project Game 2D mobile/game/game
[UnityMemory] Configuration Parameters - Can be set up in boot.config
    "memorysetup-bucket-allocator-granularity=16"
    "memorysetup-bucket-allocator-bucket-count=8"
    "memorysetup-bucket-allocator-block-size=33554432"
    "memorysetup-bucket-allocator-block-count=8"
    "memorysetup-main-allocator-block-size=16777216"
    "memorysetup-thread-allocator-block-size=16777216"
    "memorysetup-gfx-main-allocator-block-size=16777216"
    "memorysetup-gfx-thread-allocator-block-size=16777216"
    "memorysetup-cache-allocator-block-size=4194304"
    "memorysetup-typetree-allocator-block-size=2097152"
    "memorysetup-profiler-bucket-allocator-granularity=16"
    "memorysetup-profiler-bucket-allocator-bucket-count=8"
    "memorysetup-profiler-bucket-allocator-block-size=33554432"
    "memorysetup-profiler-bucket-allocator-block-count=8"
    "memorysetup-profiler-allocator-block-size=16777216"
    "memorysetup-profiler-editor-allocator-block-size=1048576"
    "memorysetup-temp-allocator-size-main=16777216"
    "memorysetup-job-temp-allocator-block-size=2097152"
    "memorysetup-job-temp-allocator-block-size-background=1048576"
    "memorysetup-job-temp-allocator-reduction-small-platforms=262144"
    "memorysetup-temp-allocator-size-background-worker=32768"
    "memorysetup-temp-allocator-size-job-worker=262144"
    "memorysetup-temp-allocator-size-preload-manager=33554432"
    "memorysetup-temp-allocator-size-nav-mesh-worker=65536"
    "memorysetup-temp-allocator-size-audio-worker=65536"
    "memorysetup-temp-allocator-size-cloud-worker=32768"
    "memorysetup-temp-allocator-size-gi-baking-worker=262144"
    "memorysetup-temp-allocator-size-gfx=262144"
Player connection [1500] Host "[IP] 192.168.18.69 [Port] 0 [Flags] 2 [Guid] 1607018490 [EditorId] 1607018490 [Version] 1048832 [Id] WindowsEditor(7,DESKTOP-CB67SJI) [Debug] 1 [PackageName] WindowsEditor [ProjectName] Editor" joined multi-casting on [225.0.0.222:54997]...

Player connection [1500] Host "[IP] 192.168.18.69 [Port] 0 [Flags] 2 [Guid] 1607018490 [EditorId] 1607018490 [Version] 1048832 [Id] WindowsEditor(7,DESKTOP-CB67SJI) [Debug] 1 [PackageName] WindowsEditor [ProjectName] Editor" joined alternative multi-casting on [225.0.0.222:34997]...

Refreshing native plugins compatible for Editor in 185.80 ms, found 4 plugins.
Preloading 0 native plugins for Editor in 0.00 ms.
Initialize engine version: 2021.3.19f1 (c9714fde33b6)
[Subsystems] Discovering subsystems at path F:/Unity Asset/editor/2021.3.19f1/Editor/Data/Resources/UnitySubsystems
[Subsystems] Discovering subsystems at path F:/URGENT/Butuh Cuan/Project Game 2D mobile/game/game/Assets
GfxDevice: creating device client; threaded=0; jobified=0
Direct3D:
    Version:  Direct3D 11.0 [level 11.1]
    Renderer: NVIDIA GeForce GTX 1050 (ID=0x1c91)
    Vendor:   NVIDIA
    VRAM:     2995 MB
    Driver:   31.0.15.3161
Initialize mono
Mono path[0] = 'F:/Unity Asset/editor/2021.3.19f1/Editor/Data/Managed'
Mono path[1] = 'F:/Unity Asset/editor/2021.3.19f1/Editor/Data/MonoBleedingEdge/lib/mono/unityjit-win32'
Mono config path = 'F:/Unity Asset/editor/2021.3.19f1/Editor/Data/MonoBleedingEdge/etc'
Using monoOptions --debugger-agent=transport=dt_socket,embedding=1,server=y,suspend=n,address=127.0.0.1:56684
Begin MonoManager ReloadAssembly
Registering precompiled unity dll's ...
Register platform support module: F:/Unity Asset/editor/2021.3.19f1/Editor/Data/PlaybackEngines/AndroidPlayer/UnityEditor.Android.Extensions.dll
Register platform support module: F:/Unity Asset/editor/2021.3.19f1/Editor/Data/PlaybackEngines/iOSSupport/UnityEditor.iOS.Extensions.dll
Register platform support module: F:/Unity Asset/editor/2021.3.19f1/Editor/Data/PlaybackEngines/WindowsStandaloneSupport/UnityEditor.WindowsStandalone.Extensions.dll
Registered in 0.004930 seconds.
Native extension for WindowsStandalone target not found
[usbmuxd] Start listen thread
[usbmuxd] Listen thread started
Native extension for iOS target not found
Native extension for Android target not found
Android Extension - Scanning For ADB Devices 327 ms
Refreshing native plugins compatible for Editor in 182.81 ms, found 4 plugins.
Preloading 0 native plugins for Editor in 0.00 ms.
Mono: successfully reloaded assembly
- Completed reload, in  1.286 seconds
Domain Reload Profiling:
	ReloadAssembly (1287ms)
		BeginReloadAssembly (104ms)
			ExecutionOrderSort (0ms)
			DisableScriptedObjects (0ms)
			BackupInstance (0ms)
			ReleaseScriptingObjects (0ms)
			CreateAndSetChildDomain (1ms)
		EndReloadAssembly (1041ms)
			LoadAssemblies (103ms)
			RebuildTransferFunctionScriptingTraits (0ms)
			SetupTypeCache (157ms)
			ReleaseScriptCaches (0ms)
			RebuildScriptCaches (39ms)
			SetupLoadedEditorAssemblies (775ms)
				LogAssemblyErrors (0ms)
				InitializePlatformSupportModulesInManaged (414ms)
				SetLoadedEditorAssemblies (0ms)
				RefreshPlugins (183ms)
				BeforeProcessingInitializeOnLoad (2ms)
				ProcessInitializeOnLoadAttributes (116ms)
				ProcessInitializeOnLoadMethodAttributes (61ms)
				AfterProcessingInitializeOnLoad (0ms)
				EditorAssembliesLoaded (0ms)
			ExecutionOrderSort2 (0ms)
			AwakeInstancesAfterBackupRestoration (0ms)
Platform modules already initialized, skipping
Registering precompiled user dll's ...
Registered in 0.005793 seconds.
Begin MonoManager ReloadAssembly
Symbol file LoadedFromMemory doesn't match image F:\URGENT\Butuh Cuan\Project Game 2D mobile\game\game\Library\PackageCache\com.unity.visualscripting@1.8.0\Editor\VisualScripting.Core\Dependencies\YamlDotNet\Unity.VisualScripting.YamlDotNet.dll
Symbol file LoadedFromMemory doesn't match image F:\URGENT\Butuh Cuan\Project Game 2D mobile\game\game\Library\PackageCache\com.unity.visualscripting@1.8.0\Editor\VisualScripting.Core\Dependencies\DotNetZip\Unity.VisualScripting.IonicZip.dll
Native extension for WindowsStandalone target not found
Native extension for iOS target not found
Native extension for Android target not found
Refreshing native plugins compatible for Editor in 204.70 ms, found 4 plugins.
Preloading 0 native plugins for Editor in 0.00 ms.
Mono: successfully reloaded assembly
Package Manager log level set to [2]
- Completed reload, in  2.174 seconds
Domain Reload Profiling:
	ReloadAssembly (2175ms)
		BeginReloadAssembly (153ms)
			ExecutionOrderSort (0ms)
			DisableScriptedObjects (9ms)
			BackupInstance (0ms)
			ReleaseScriptingObjects (0ms)
			CreateAndSetChildDomain (27ms)
		EndReloadAssembly (1861ms)
			LoadAssemblies (129ms)
			RebuildTransferFunctionScriptingTraits (0ms)
			SetupTypeCache (382ms)
			ReleaseScriptCaches (1ms)
			RebuildScriptCaches (104ms)
			SetupLoadedEditorAssemblies (1184ms)
				LogAssemblyErrors (0ms)
				InitializePlatformSupportModulesInManaged (33ms)
				SetLoadedEditorAssemblies (0ms)
				RefreshPlugins (205ms)
				BeforeProcessingInitializeOnLoad (178ms)
				ProcessInitializeOnLoadAttributes (652ms)
				ProcessInitializeOnLoadMethodAttributes (111ms)
				AfterProcessingInitializeOnLoad (3ms)
				EditorAssembliesLoaded (0ms)
			ExecutionOrderSort2 (0ms)
			AwakeInstancesAfterBackupRestoration (7ms)
Platform modules already initialized, skipping
========================================================================
Worker process is ready to serve import requests
Launched and connected shader compiler UnityShaderCompiler.exe after 0.14 seconds
Refreshing native plugins compatible for Editor in 1.55 ms, found 4 plugins.
Preloading 0 native plugins for Editor in 0.00 ms.
Unloading 5910 Unused Serialized files (Serialized files now loaded: 0)
Unloading 66 unused Assets / (0.9 MB). Loaded Objects now: 6351.
Memory consumption went from 229.2 MB to 228.3 MB.
Total: 6.262800 ms (FindLiveObjects: 0.684700 ms CreateObjectMapping: 0.423500 ms MarkObjects: 4.614600 ms  DeleteObjects: 0.538500 ms)

AssetImportParameters requested are different than current active one (requested -> active):
  custom:video-decoder-ogg-theora: a1e56fd34408186e4bbccfd4996cb3dc -> 
  custom:container-muxer-webm: aa71ff27fc2769a1b78a27578f13a17b -> 
  custom:container-demuxer-webm: 4f35f7cbe854078d1ac9338744f61a02 -> 
  custom:video-encoder-webm-vp8: eb34c28f22e8b96e1ab97ce403110664 -> 
  custom:audio-encoder-webm-vorbis: bf7c407c2cedff20999df2af8eb42d56 -> 
  custom:framework-win-MediaFoundation: 216162199b28c13a410421893ffa2e32 -> 
  custom:container-demuxer-ogg: 62fdf1f143b41e24485cea50d1cbac27 -> 
  custom:video-decoder-webm-vp8: 9c59270c3fd7afecdb556c50c9e8de78 -> 
  custom:audio-decoder-ogg-vorbis: bf7c407c2cedff20999df2af8eb42d56 -> 
========================================================================
Received Import Request.
  Time since last request: 90055.398105 seconds.
  path: Assets/bahan/background/Reaction rate of the last chemist (2).png
  artifactKey: Guid(0b8a04b76f277424da594f4c913967a2) Importer(815301076,1909f56bfc062723c751e8b465ee728b)
Start importing Assets/bahan/background/Reaction rate of the last chemist (2).png using Guid(0b8a04b76f277424da594f4c913967a2) Importer(815301076,1909f56bfc062723c751e8b465ee728b)  -> (artifact id: '7bc3abfeedf2acc1f96dc4e9e9232d03') in 0.272938 seconds 
========================================================================
Received Import Request.
  Time since last request: 280.176048 seconds.
  path: Assets/Scenes/misi 2/Motivasi4.unity
  artifactKey: Guid(5d1edb61a6a0f654caa38c7e276fd965) Importer(815301076,1909f56bfc062723c751e8b465ee728b)
Start importing Assets/Scenes/misi 2/Motivasi4.unity using Guid(5d1edb61a6a0f654caa38c7e276fd965) Importer(815301076,1909f56bfc062723c751e8b465ee728b)  -> (artifact id: '38b71ba9063f169182f051f8d45432b1') in 0.027603 seconds 
========================================================================
Received Import Request.
  Time since last request: 252.767399 seconds.
  path: Assets/Scenes/mainMisi.unity
  artifactKey: Guid(27a55b26703dc6549878a5d6903bf556) Importer(815301076,1909f56bfc062723c751e8b465ee728b)
Start importing Assets/Scenes/mainMisi.unity using Guid(27a55b26703dc6549878a5d6903bf556) Importer(815301076,1909f56bfc062723c751e8b465ee728b)  -> (artifact id: 'c13a520d5b63b7a0dea330f5fceb4834') in 0.038206 seconds 
========================================================================
Received Import Request.
  Time since last request: 95.189812 seconds.
  path: Assets/Scenes/submisi3.2/2DProjectSub32.unity
  artifactKey: Guid(613ae6eee076867419abe4bfe7e90bc2) Importer(815301076,1909f56bfc062723c751e8b465ee728b)
Start importing Assets/Scenes/submisi3.2/2DProjectSub32.unity using Guid(613ae6eee076867419abe4bfe7e90bc2) Importer(815301076,1909f56bfc062723c751e8b465ee728b)  -> (artifact id: 'f647fa9977468057b47f4207e54e97b4') in 0.048214 seconds 
========================================================================
Received Import Request.
  Time since last request: 570.999386 seconds.
  path: Assets/Scenes/misi 1/2DProject.unity
  artifactKey: Guid(1e4f246c25aa60f45890254667d461fe) Importer(815301076,1909f56bfc062723c751e8b465ee728b)
Start importing Assets/Scenes/misi 1/2DProject.unity using Guid(1e4f246c25aa60f45890254667d461fe) Importer(815301076,1909f56bfc062723c751e8b465ee728b)  -> (artifact id: '2b19cad310db8d5a430db720895cad0d') in 1.425628 seconds 
========================================================================
Received Import Request.
  Time since last request: 41.884498 seconds.
  path: Assets/Scenes/misi 2/2DProject2.unity
  artifactKey: Guid(da5f42f5e7d1c4e4c84ec4a636a8c2f9) Importer(815301076,1909f56bfc062723c751e8b465ee728b)
Start importing Assets/Scenes/misi 2/2DProject2.unity using Guid(da5f42f5e7d1c4e4c84ec4a636a8c2f9) Importer(815301076,1909f56bfc062723c751e8b465ee728b)  -> (artifact id: 'e294378f7e5dc225c8ae1dc9daf996b4') in 0.001774 seconds 
========================================================================
Received Import Request.
  Time since last request: 57.431127 seconds.
  path: Assets/Scenes/misi 3/2DProject3.unity
  artifactKey: Guid(412339e80023aff47b0e62ce0b5174d0) Importer(815301076,1909f56bfc062723c751e8b465ee728b)
Start importing Assets/Scenes/misi 3/2DProject3.unity using Guid(412339e80023aff47b0e62ce0b5174d0) Importer(815301076,1909f56bfc062723c751e8b465ee728b)  -> (artifact id: '6abd7dba8b3eda1ed6e1719e0053774d') in 0.001776 seconds 
========================================================================
Received Import Request.
  Time since last request: 22.201394 seconds.
  path: Assets/Scenes/submisi1.1/2DProjectSub1.unity
  artifactKey: Guid(efcbbb5b57b32a9488d7ec71c3fbc532) Importer(815301076,1909f56bfc062723c751e8b465ee728b)
Start importing Assets/Scenes/submisi1.1/2DProjectSub1.unity using Guid(efcbbb5b57b32a9488d7ec71c3fbc532) Importer(815301076,1909f56bfc062723c751e8b465ee728b)  -> (artifact id: 'df2c0aa76cb315d61b9caa8c5c7b3cb4') in 0.001731 seconds 
========================================================================
Received Import Request.
  Time since last request: 33.031630 seconds.
  path: Assets/Scenes/submisi1.2/2DProjectSub12.unity
  artifactKey: Guid(8501525387f5ca849ba3dfcedc3a9230) Importer(815301076,1909f56bfc062723c751e8b465ee728b)
Start importing Assets/Scenes/submisi1.2/2DProjectSub12.unity using Guid(8501525387f5ca849ba3dfcedc3a9230) Importer(815301076,1909f56bfc062723c751e8b465ee728b)  -> (artifact id: '90b8a2d7f9ce71a4ecf779d00250bb13') in 1.197038 seconds 
========================================================================
Received Import Request.
  Time since last request: 64.449044 seconds.
  path: Assets/Scenes/submisi2.1/2DProjectSub2.1.unity
  artifactKey: Guid(200227fad14c9d94ea5089ca58a21da3) Importer(815301076,1909f56bfc062723c751e8b465ee728b)
Start importing Assets/Scenes/submisi2.1/2DProjectSub2.1.unity using Guid(200227fad14c9d94ea5089ca58a21da3) Importer(815301076,1909f56bfc062723c751e8b465ee728b)  -> (artifact id: '9dc199eece4298df69b228343d004820') in 0.033151 seconds 
========================================================================
Received Import Request.
  Time since last request: 99.923566 seconds.
  path: Assets/Scenes/submisi2.2/2DProjectSub22.unity
  artifactKey: Guid(c4d88f6aca0f6564ab227b883998765f) Importer(815301076,1909f56bfc062723c751e8b465ee728b)
Start importing Assets/Scenes/submisi2.2/2DProjectSub22.unity using Guid(c4d88f6aca0f6564ab227b883998765f) Importer(815301076,1909f56bfc062723c751e8b465ee728b)  -> (artifact id: 'b0e0be052e31a83a3a49b99bb46b39e7') in 0.034619 seconds 
========================================================================
Received Import Request.
  Time since last request: 41.026307 seconds.
  path: Assets/Scenes/submisi3.1/2DProjectSub3.1.unity
  artifactKey: Guid(209afee4e4b41834ba6dd6bf1ca837a1) Importer(815301076,1909f56bfc062723c751e8b465ee728b)
Start importing Assets/Scenes/submisi3.1/2DProjectSub3.1.unity using Guid(209afee4e4b41834ba6dd6bf1ca837a1) Importer(815301076,1909f56bfc062723c751e8b465ee728b)  -> (artifact id: '0d491d82db4a3231c08840a71534bac9') in 0.001516 seconds 
========================================================================
Received Import Request.
  Time since last request: 480.495567 seconds.
  path: Assets/Scenes/submisi1.2/2DProjectSub12.unity
  artifactKey: Guid(8501525387f5ca849ba3dfcedc3a9230) Importer(815301076,1909f56bfc062723c751e8b465ee728b)
Start importing Assets/Scenes/submisi1.2/2DProjectSub12.unity using Guid(8501525387f5ca849ba3dfcedc3a9230) Importer(815301076,1909f56bfc062723c751e8b465ee728b)  -> (artifact id: '402f3ec1877ca0c86429f003065a559a') in 0.001818 seconds 
========================================================================
Received Import Request.
  Time since last request: 110.630873 seconds.
  path: Assets/Scenes/submisi2.1/2DProjectSub2.1.unity
  artifactKey: Guid(200227fad14c9d94ea5089ca58a21da3) Importer(815301076,1909f56bfc062723c751e8b465ee728b)
Start importing Assets/Scenes/submisi2.1/2DProjectSub2.1.unity using Guid(200227fad14c9d94ea5089ca58a21da3) Importer(815301076,1909f56bfc062723c751e8b465ee728b)  -> (artifact id: 'fd2ec516a5c923f96522a274495313b8') in 0.001844 seconds 
========================================================================
Received Import Request.
  Time since last request: 535.900007 seconds.
  path: Assets/Scenes/submisi2.2/Motivasi6.unity
  artifactKey: Guid(e8f11c62505b58b4d91678fc32b1bdad) Importer(815301076,1909f56bfc062723c751e8b465ee728b)
Start importing Assets/Scenes/submisi2.2/Motivasi6.unity using Guid(e8f11c62505b58b4d91678fc32b1bdad) Importer(815301076,1909f56bfc062723c751e8b465ee728b)  -> (artifact id: '59091a1c11a98b3060ac650c6f619853') in 0.036275 seconds 
========================================================================
Received Import Request.
  Time since last request: 34.697229 seconds.
  path: Assets/Scenes/misi 2/Motivasi4.unity
  artifactKey: Guid(5d1edb61a6a0f654caa38c7e276fd965) Importer(815301076,1909f56bfc062723c751e8b465ee728b)
Start importing Assets/Scenes/misi 2/Motivasi4.unity using Guid(5d1edb61a6a0f654caa38c7e276fd965) Importer(815301076,1909f56bfc062723c751e8b465ee728b)  -> (artifact id: '570b9fc9742f7c6fdc978cce42d1582d') in 0.001930 seconds 
========================================================================
Received Import Request.
  Time since last request: 91.684456 seconds.
  path: Assets/Scenes/submisi2.1/videoPembelajaran5.unity
  artifactKey: Guid(aece20e2d31d00d48ab741339d6f96bb) Importer(815301076,1909f56bfc062723c751e8b465ee728b)
Start importing Assets/Scenes/submisi2.1/videoPembelajaran5.unity using Guid(aece20e2d31d00d48ab741339d6f96bb) Importer(815301076,1909f56bfc062723c751e8b465ee728b)  -> (artifact id: 'a9ab539168828ffa4307ef0703a24ab3') in 0.002231 seconds 
========================================================================
Received Import Request.
  Time since last request: 37.281809 seconds.
  path: Assets/Scenes/misi 2/2DProject2.unity
  artifactKey: Guid(da5f42f5e7d1c4e4c84ec4a636a8c2f9) Importer(815301076,1909f56bfc062723c751e8b465ee728b)
Start importing Assets/Scenes/misi 2/2DProject2.unity using Guid(da5f42f5e7d1c4e4c84ec4a636a8c2f9) Importer(815301076,1909f56bfc062723c751e8b465ee728b)  -> (artifact id: 'd95c177490757c51cac28695cf13e142') in 0.001692 seconds 
========================================================================
Received Import Request.
  Time since last request: 7.163496 seconds.
  path: Assets/Scenes/submisi2.2/2DProjectSub22.unity
  artifactKey: Guid(c4d88f6aca0f6564ab227b883998765f) Importer(815301076,1909f56bfc062723c751e8b465ee728b)
Start importing Assets/Scenes/submisi2.2/2DProjectSub22.unity using Guid(c4d88f6aca0f6564ab227b883998765f) Importer(815301076,1909f56bfc062723c751e8b465ee728b)  -> (artifact id: '6fe7ff6b5dd723edc6cc582dd1e12f03') in 0.001908 seconds 
========================================================================
Received Prepare
Registering precompiled user dll's ...
Registered in 0.005285 seconds.
Begin MonoManager ReloadAssembly
Symbol file LoadedFromMemory doesn't match image F:\URGENT\Butuh Cuan\Project Game 2D mobile\game\game\Library\PackageCache\com.unity.visualscripting@1.8.0\Editor\VisualScripting.Core\Dependencies\YamlDotNet\Unity.VisualScripting.YamlDotNet.dll
Symbol file LoadedFromMemory doesn't match image F:\URGENT\Butuh Cuan\Project Game 2D mobile\game\game\Library\PackageCache\com.unity.visualscripting@1.8.0\Editor\VisualScripting.Core\Dependencies\DotNetZip\Unity.VisualScripting.IonicZip.dll
Native extension for WindowsStandalone target not found
Native extension for iOS target not found
Native extension for Android target not found
Refreshing native plugins compatible for Editor in 1.77 ms, found 4 plugins.
Preloading 0 native plugins for Editor in 0.00 ms.
Mono: successfully reloaded assembly
- Completed reload, in  2.170 seconds
Domain Reload Profiling:
	ReloadAssembly (2171ms)
		BeginReloadAssembly (185ms)
			ExecutionOrderSort (0ms)
			DisableScriptedObjects (9ms)
			BackupInstance (0ms)
			ReleaseScriptingObjects (0ms)
			CreateAndSetChildDomain (56ms)
		EndReloadAssembly (1634ms)
			LoadAssemblies (125ms)
			RebuildTransferFunctionScriptingTraits (0ms)
			SetupTypeCache (393ms)
			ReleaseScriptCaches (2ms)
			RebuildScriptCaches (74ms)
			SetupLoadedEditorAssemblies (942ms)
				LogAssemblyErrors (0ms)
				InitializePlatformSupportModulesInManaged (57ms)
				SetLoadedEditorAssemblies (1ms)
				RefreshPlugins (2ms)
				BeforeProcessingInitializeOnLoad (134ms)
				ProcessInitializeOnLoadAttributes (633ms)
				ProcessInitializeOnLoadMethodAttributes (109ms)
				AfterProcessingInitializeOnLoad (4ms)
				EditorAssembliesLoaded (0ms)
			ExecutionOrderSort2 (0ms)
			AwakeInstancesAfterBackupRestoration (10ms)
Platform modules already initialized, skipping
Refreshing native plugins compatible for Editor in 4.63 ms, found 4 plugins.
Preloading 0 native plugins for Editor in 0.00 ms.
Unloading 5822 Unused Serialized files (Serialized files now loaded: 0)
Unloading 51 unused Assets / (0.9 MB). Loaded Objects now: 6361.
Memory consumption went from 226.7 MB to 225.8 MB.
Total: 6.599200 ms (FindLiveObjects: 0.873900 ms CreateObjectMapping: 0.315300 ms MarkObjects: 4.838500 ms  DeleteObjects: 0.569500 ms)

AssetImportParameters requested are different than current active one (requested -> active):
  custom:video-decoder-ogg-theora: a1e56fd34408186e4bbccfd4996cb3dc -> 
  custom:container-muxer-webm: aa71ff27fc2769a1b78a27578f13a17b -> 
  custom:container-demuxer-webm: 4f35f7cbe854078d1ac9338744f61a02 -> 
  custom:video-encoder-webm-vp8: eb34c28f22e8b96e1ab97ce403110664 -> 
  custom:audio-encoder-webm-vorbis: bf7c407c2cedff20999df2af8eb42d56 -> 
  custom:framework-win-MediaFoundation: 216162199b28c13a410421893ffa2e32 -> 
  custom:container-demuxer-ogg: 62fdf1f143b41e24485cea50d1cbac27 -> 
  custom:video-decoder-webm-vp8: 9c59270c3fd7afecdb556c50c9e8de78 -> 
  custom:audio-decoder-ogg-vorbis: bf7c407c2cedff20999df2af8eb42d56 -> 
